-------------------------------------------------------------------------------
Test set: LegacyChain.TransactionTest
-------------------------------------------------------------------------------
Tests run: 4, Failures: 1, Errors: 0, Skipped: 0, Time elapsed: 0.109 s <<< FAILURE! -- in LegacyChain.TransactionTest
LegacyChain.TransactionTest.testNullSender -- Time elapsed: 0.011 s <<< FAILURE!
org.opentest4j.AssertionFailedError: Unexpected exception type thrown, expected: <java.lang.IllegalArgumentException> but was: <java.lang.NullPointerException>
	at org.junit.jupiter.api.AssertionFailureBuilder.build(AssertionFailureBuilder.java:151)
	at org.junit.jupiter.api.AssertThrows.assertThrows(AssertThrows.java:67)
	at org.junit.jupiter.api.AssertThrows.assertThrows(AssertThrows.java:35)
	at org.junit.jupiter.api.Assertions.assertThrows(Assertions.java:3128)
	at LegacyChain.TransactionTest.testNullSender(TransactionTest.java:39)
	at java.base/java.lang.reflect.Method.invoke(Method.java:565)
	at java.base/java.util.ArrayList.forEach(ArrayList.java:1604)
	at java.base/java.util.ArrayList.forEach(ArrayList.java:1604)
Caused by: java.lang.NullPointerException: Cannot invoke "String.getBytes(java.nio.charset.Charset)" because "data" is null
	at LegacyChain.Wallet.sign(Wallet.java:36)
	at LegacyChain.TransactionTest.lambda$2(TransactionTest.java:42)
	at org.junit.jupiter.api.AssertThrows.assertThrows(AssertThrows.java:53)
	... 6 more

