<?xml version="1.0" encoding="UTF-8"?>
<testsuite xmlns:xsi="http://www.w3.org/2001/XMLSchema-instance" xsi:noNamespaceSchemaLocation="https://maven.apache.org/surefire/maven-surefire-plugin/xsd/surefire-test-report.xsd" version="3.0.2" name="LegacyChain.BlockchainTest" time="0.242" tests="17" errors="9" skipped="0" failures="1">
  <properties>
[...]
</properties>
  <testcase name="testTransactionsOneInvalid" classname="LegacyChain.BlockchainTest" time="0.031"/>
  <testcase name="testProofOfWork" classname="LegacyChain.BlockchainTest" time="0.03">
    <error message="Invalid transaction in block." type="java.lang.IllegalArgumentException"><![CDATA[java.lang.IllegalArgumentException: Invalid transaction in block.
	at LegacyChain.Blockchain.addBlock(Blockchain.java:53)
	at LegacyChain.BlockchainTest.testProofOfWork(BlockchainTest.java:120)
	at java.base/java.lang.reflect.Method.invoke(Method.java:565)
	at java.base/java.util.ArrayList.forEach(ArrayList.java:1612)
	at java.base/java.util.ArrayList.forEach(ArrayList.java:1612)
]]></error>
  </testcase>
  <testcase name="testInvalidTransaction" classname="LegacyChain.BlockchainTest" time="0.015"/>
  <testcase name="testWalletDoesNotAppearInAnyTransactions" classname="LegacyChain.BlockchainTest" time="0.029">
    <error message="Invalid transaction in block." type="java.lang.IllegalArgumentException"><![CDATA[java.lang.IllegalArgumentException: Invalid transaction in block.
	at LegacyChain.Blockchain.addBlock(Blockchain.java:53)
	at LegacyChain.BlockchainTest.testWalletDoesNotAppearInAnyTransactions(BlockchainTest.java:208)
	at java.base/java.lang.reflect.Method.invoke(Method.java:565)
	at java.base/java.util.ArrayList.forEach(ArrayList.java:1612)
	at java.base/java.util.ArrayList.forEach(ArrayList.java:1612)
]]></error>
  </testcase>
  <testcase name="testAddBlockIncreaseSize" classname="LegacyChain.BlockchainTest" time="0.009">
    <error message="Invalid transaction in block." type="java.lang.IllegalArgumentException"><![CDATA[java.lang.IllegalArgumentException: Invalid transaction in block.
	at LegacyChain.Blockchain.addBlock(Blockchain.java:53)
	at LegacyChain.BlockchainTest.testAddBlockIncreaseSize(BlockchainTest.java:54)
	at java.base/java.lang.reflect.Method.invoke(Method.java:565)
	at java.base/java.util.ArrayList.forEach(ArrayList.java:1612)
	at java.base/java.util.ArrayList.forEach(ArrayList.java:1612)
]]></error>
  </testcase>
  <testcase name="testTwoMinedBlocks" classname="LegacyChain.BlockchainTest" time="0.013">
    <error message="Invalid transaction in block." type="java.lang.IllegalArgumentException"><![CDATA[java.lang.IllegalArgumentException: Invalid transaction in block.
	at LegacyChain.Blockchain.addBlock(Blockchain.java:53)
	at LegacyChain.BlockchainTest.testTwoMinedBlocks(BlockchainTest.java:235)
	at java.base/java.lang.reflect.Method.invoke(Method.java:565)
	at java.base/java.util.ArrayList.forEach(ArrayList.java:1612)
	at java.base/java.util.ArrayList.forEach(ArrayList.java:1612)
]]></error>
  </testcase>
  <testcase name="testLinkedBlocksHashes" classname="LegacyChain.BlockchainTest" time="0.01">
    <error message="Invalid transaction in block." type="java.lang.IllegalArgumentException"><![CDATA[java.lang.IllegalArgumentException: Invalid transaction in block.
	at LegacyChain.Blockchain.addBlock(Blockchain.java:53)
	at LegacyChain.BlockchainTest.testLinkedBlocksHashes(BlockchainTest.java:77)
	at java.base/java.lang.reflect.Method.invoke(Method.java:565)
	at java.base/java.util.ArrayList.forEach(ArrayList.java:1612)
	at java.base/java.util.ArrayList.forEach(ArrayList.java:1612)
]]></error>
  </testcase>
  <testcase name="testBlockchainSize" classname="LegacyChain.BlockchainTest" time="0.008"/>
  <testcase name="testGenesisPrevHash" classname="LegacyChain.BlockchainTest" time="0.003"/>
  <testcase name="testAcceptedBlock" classname="LegacyChain.BlockchainTest" time="0.022">
    <failure message="Unexpected exception thrown: java.lang.IllegalArgumentException: Invalid transaction in block." type="org.opentest4j.AssertionFailedError"><![CDATA[org.opentest4j.AssertionFailedError: Unexpected exception thrown: java.lang.IllegalArgumentException: Invalid transaction in block.
	at org.junit.jupiter.api.AssertionFailureBuilder.build(AssertionFailureBuilder.java:152)
	at org.junit.jupiter.api.AssertDoesNotThrow.createAssertionFailedError(AssertDoesNotThrow.java:84)
	at org.junit.jupiter.api.AssertDoesNotThrow.assertDoesNotThrow(AssertDoesNotThrow.java:75)
	at org.junit.jupiter.api.AssertDoesNotThrow.assertDoesNotThrow(AssertDoesNotThrow.java:58)
	at org.junit.jupiter.api.Assertions.assertDoesNotThrow(Assertions.java:3259)
	at LegacyChain.BlockchainTest.testAcceptedBlock(BlockchainTest.java:159)
	at java.base/java.lang.reflect.Method.invoke(Method.java:565)
	at java.base/java.util.ArrayList.forEach(ArrayList.java:1612)
	at java.base/java.util.ArrayList.forEach(ArrayList.java:1612)
Caused by: java.lang.IllegalArgumentException: Invalid transaction in block.
	at LegacyChain.Blockchain.addBlock(Blockchain.java:53)
	at LegacyChain.BlockchainTest.lambda$1(BlockchainTest.java:159)
	at org.junit.jupiter.api.AssertDoesNotThrow.assertDoesNotThrow(AssertDoesNotThrow.java:71)
	... 6 more
]]></failure>
  </testcase>
  <testcase name="testRandomWalletBalance" classname="LegacyChain.BlockchainTest" time="0.012">
    <error message="Invalid transaction in block." type="java.lang.IllegalArgumentException"><![CDATA[java.lang.IllegalArgumentException: Invalid transaction in block.
	at LegacyChain.Blockchain.addBlock(Blockchain.java:53)
	at LegacyChain.BlockchainTest.testRandomWalletBalance(BlockchainTest.java:253)
	at java.base/java.lang.reflect.Method.invoke(Method.java:565)
	at java.base/java.util.ArrayList.forEach(ArrayList.java:1612)
	at java.base/java.util.ArrayList.forEach(ArrayList.java:1612)
]]></error>
  </testcase>
  <testcase name="testInvalidDifficulty" classname="LegacyChain.BlockchainTest" time="0.002"/>
  <testcase name="testInvalidOwner" classname="LegacyChain.BlockchainTest" time="0.003"/>
  <testcase name="testOneMinedBlock" classname="LegacyChain.BlockchainTest" time="0.013">
    <error message="Invalid transaction in block." type="java.lang.IllegalArgumentException"><![CDATA[java.lang.IllegalArgumentException: Invalid transaction in block.
	at LegacyChain.Blockchain.addBlock(Blockchain.java:53)
	at LegacyChain.BlockchainTest.testOneMinedBlock(BlockchainTest.java:222)
	at java.base/java.lang.reflect.Method.invoke(Method.java:565)
	at java.base/java.util.ArrayList.forEach(ArrayList.java:1612)
	at java.base/java.util.ArrayList.forEach(ArrayList.java:1612)
]]></error>
  </testcase>
  <testcase name="testMultipleBlocksChainIsValid" classname="LegacyChain.BlockchainTest" time="0.008">
    <error message="Invalid transaction in block." type="java.lang.IllegalArgumentException"><![CDATA[java.lang.IllegalArgumentException: Invalid transaction in block.
	at LegacyChain.Blockchain.addBlock(Blockchain.java:53)
	at LegacyChain.BlockchainTest.testMultipleBlocksChainIsValid(BlockchainTest.java:95)
	at java.base/java.lang.reflect.Method.invoke(Method.java:565)
	at java.base/java.util.ArrayList.forEach(ArrayList.java:1612)
	at java.base/java.util.ArrayList.forEach(ArrayList.java:1612)
]]></error>
  </testcase>
  <testcase name="testValidWallet" classname="LegacyChain.BlockchainTest" time="0.002"/>
  <testcase name="testBlockTransactionListImmutability" classname="LegacyChain.BlockchainTest" time="0.01">
    <error message="Invalid transaction in block." type="java.lang.IllegalArgumentException"><![CDATA[java.lang.IllegalArgumentException: Invalid transaction in block.
	at LegacyChain.Blockchain.addBlock(Blockchain.java:53)
	at LegacyChain.BlockchainTest.testBlockTransactionListImmutability(BlockchainTest.java:139)
	at java.base/java.lang.reflect.Method.invoke(Method.java:565)
	at java.base/java.util.ArrayList.forEach(ArrayList.java:1612)
	at java.base/java.util.ArrayList.forEach(ArrayList.java:1612)
]]></error>
  </testcase>
</testsuite>