<?xml version="1.0" encoding="UTF-8"?>
<testsuite xmlns:xsi="http://www.w3.org/2001/XMLSchema-instance" xsi:noNamespaceSchemaLocation="https://maven.apache.org/surefire/maven-surefire-plugin/xsd/surefire-test-report.xsd" version="3.0.2" name="LegacyChain.TransactionTest" time="0.184" tests="16" errors="0" skipped="0" failures="0">
  <properties>
[...]
</properties>
  <testcase name="testTransactionModsChangeHash" classname="LegacyChain.TransactionTest" time="0.068"/>
  <testcase name="testTransactionHashDeterminism" classname="LegacyChain.TransactionTest" time="0.008"/>
  <testcase name="testSameTransactionDataProducesSameId" classname="LegacyChain.TransactionTest" time="0.007"/>
  <testcase name="testValidTransaction" classname="LegacyChain.TransactionTest" time="0.007"/>
  <testcase name="testDifferentRecipientProducesDifferentId" classname="LegacyChain.TransactionTest" time="0.007"/>
  <testcase name="testDifferentAmountProducesDifferentId" classname="LegacyChain.TransactionTest" time="0.007"/>
  <testcase name="testTransactionIdMatchesCalculatedHash" classname="LegacyChain.TransactionTest" time="0.005"/>
  <testcase name="testRewardAtDifferentHeightsProducesDifferentIds" classname="LegacyChain.TransactionTest" time="0.003"/>
  <testcase name="testNullRecipient" classname="LegacyChain.TransactionTest" time="0.005"/>
  <testcase name="testNegativeAmount" classname="LegacyChain.TransactionTest" time="0.003"/>
  <testcase name="testSmallestAmount" classname="LegacyChain.TransactionTest" time="0.006"/>
  <testcase name="testDifferentNonceProducesDifferentId" classname="LegacyChain.TransactionTest" time="0.008"/>
  <testcase name="testSREquals" classname="LegacyChain.TransactionTest" time="0.004"/>
  <testcase name="testNullSender" classname="LegacyChain.TransactionTest" time="0.005"/>
  <testcase name="testLargeAmount" classname="LegacyChain.TransactionTest" time="0.006"/>
  <testcase name="testZeroAmount" classname="LegacyChain.TransactionTest" time="0.004"/>
</testsuite>