<?xml version="1.0" encoding="UTF-8"?>
<testsuite xmlns:xsi="http://www.w3.org/2001/XMLSchema-instance" xsi:noNamespaceSchemaLocation="https://maven.apache.org/surefire/maven-surefire-plugin/xsd/surefire-test-report.xsd" version="3.0.2" name="LegacyChain.BlockchainTest" time="0.373" tests="34" errors="2" skipped="0" failures="7">
  <properties>
[...]
</properties>
  <testcase name="testRecipientCanSpendReceivedFundsInSameBlock" classname="LegacyChain.BlockchainTest" time="0.104">
    <failure message="Unexpected exception thrown: java.lang.IllegalArgumentException: Invalid transaction in block." type="org.opentest4j.AssertionFailedError"><![CDATA[org.opentest4j.AssertionFailedError: Unexpected exception thrown: java.lang.IllegalArgumentException: Invalid transaction in block.
	at org.junit.jupiter.api.AssertionFailureBuilder.build(AssertionFailureBuilder.java:152)
	at org.junit.jupiter.api.AssertDoesNotThrow.createAssertionFailedError(AssertDoesNotThrow.java:84)
	at org.junit.jupiter.api.AssertDoesNotThrow.assertDoesNotThrow(AssertDoesNotThrow.java:53)
	at org.junit.jupiter.api.AssertDoesNotThrow.assertDoesNotThrow(AssertDoesNotThrow.java:36)
	at org.junit.jupiter.api.Assertions.assertDoesNotThrow(Assertions.java:3199)
	at LegacyChain.BlockchainTest.testRecipientCanSpendReceivedFundsInSameBlock(BlockchainTest.java:308)
	at java.base/java.lang.reflect.Method.invoke(Method.java:565)
	at java.base/java.util.ArrayList.forEach(ArrayList.java:1604)
	at java.base/java.util.ArrayList.forEach(ArrayList.java:1604)
Caused by: java.lang.IllegalArgumentException: Invalid transaction in block.
	at LegacyChain.Blockchain.addBlock(Blockchain.java:58)
	at LegacyChain.BlockchainTest.lambda$testRecipientCanSpendReceivedFundsInSameBlock$0(BlockchainTest.java:309)
	at org.junit.jupiter.api.AssertDoesNotThrow.assertDoesNotThrow(AssertDoesNotThrow.java:49)
	... 6 more
]]></failure>
  </testcase>
  <testcase name="testRejectsCombinedOverspendingInSameBlock" classname="LegacyChain.BlockchainTest" time="0.03"/>
  <testcase name="testOldNonceRejected" classname="LegacyChain.BlockchainTest" time="0.008">
    <error message="Invalid transaction in block." type="java.lang.IllegalArgumentException"><![CDATA[java.lang.IllegalArgumentException: Invalid transaction in block.
	at LegacyChain.Blockchain.addBlock(Blockchain.java:58)
	at LegacyChain.BlockchainTest.testOldNonceRejected(BlockchainTest.java:408)
	at java.base/java.lang.reflect.Method.invoke(Method.java:565)
	at java.base/java.util.ArrayList.forEach(ArrayList.java:1604)
	at java.base/java.util.ArrayList.forEach(ArrayList.java:1604)
]]></error>
  </testcase>
  <testcase name="testGenesisHeightInChain" classname="LegacyChain.BlockchainTest" time="0.001"/>
  <testcase name="testSequentialNoncesInSameBlockAccepted" classname="LegacyChain.BlockchainTest" time="0.007">
    <failure message="Unexpected exception thrown: java.lang.IllegalArgumentException: Invalid transaction in block." type="org.opentest4j.AssertionFailedError"><![CDATA[org.opentest4j.AssertionFailedError: Unexpected exception thrown: java.lang.IllegalArgumentException: Invalid transaction in block.
	at org.junit.jupiter.api.AssertionFailureBuilder.build(AssertionFailureBuilder.java:152)
	at org.junit.jupiter.api.AssertDoesNotThrow.createAssertionFailedError(AssertDoesNotThrow.java:84)
	at org.junit.jupiter.api.AssertDoesNotThrow.assertDoesNotThrow(AssertDoesNotThrow.java:53)
	at org.junit.jupiter.api.AssertDoesNotThrow.assertDoesNotThrow(AssertDoesNotThrow.java:36)
	at org.junit.jupiter.api.Assertions.assertDoesNotThrow(Assertions.java:3199)
	at LegacyChain.BlockchainTest.testSequentialNoncesInSameBlockAccepted(BlockchainTest.java:377)
	at java.base/java.lang.reflect.Method.invoke(Method.java:565)
	at java.base/java.util.ArrayList.forEach(ArrayList.java:1604)
	at java.base/java.util.ArrayList.forEach(ArrayList.java:1604)
Caused by: java.lang.IllegalArgumentException: Invalid transaction in block.
	at LegacyChain.Blockchain.addBlock(Blockchain.java:58)
	at LegacyChain.BlockchainTest.lambda$testSequentialNoncesInSameBlockAccepted$0(BlockchainTest.java:378)
	at org.junit.jupiter.api.AssertDoesNotThrow.assertDoesNotThrow(AssertDoesNotThrow.java:49)
	... 6 more
]]></failure>
  </testcase>
  <testcase name="testAllowsExactBalanceSpendingInSameBlock" classname="LegacyChain.BlockchainTest" time="0.011">
    <failure message="Unexpected exception thrown: java.lang.IllegalArgumentException: Invalid transaction in block." type="org.opentest4j.AssertionFailedError"><![CDATA[org.opentest4j.AssertionFailedError: Unexpected exception thrown: java.lang.IllegalArgumentException: Invalid transaction in block.
	at org.junit.jupiter.api.AssertionFailureBuilder.build(AssertionFailureBuilder.java:152)
	at org.junit.jupiter.api.AssertDoesNotThrow.createAssertionFailedError(AssertDoesNotThrow.java:84)
	at org.junit.jupiter.api.AssertDoesNotThrow.assertDoesNotThrow(AssertDoesNotThrow.java:53)
	at org.junit.jupiter.api.AssertDoesNotThrow.assertDoesNotThrow(AssertDoesNotThrow.java:36)
	at org.junit.jupiter.api.Assertions.assertDoesNotThrow(Assertions.java:3199)
	at LegacyChain.BlockchainTest.testAllowsExactBalanceSpendingInSameBlock(BlockchainTest.java:293)
	at java.base/java.lang.reflect.Method.invoke(Method.java:565)
	at java.base/java.util.ArrayList.forEach(ArrayList.java:1604)
	at java.base/java.util.ArrayList.forEach(ArrayList.java:1604)
Caused by: java.lang.IllegalArgumentException: Invalid transaction in block.
	at LegacyChain.Blockchain.addBlock(Blockchain.java:58)
	at LegacyChain.BlockchainTest.lambda$testAllowsExactBalanceSpendingInSameBlock$0(BlockchainTest.java:294)
	at org.junit.jupiter.api.AssertDoesNotThrow.assertDoesNotThrow(AssertDoesNotThrow.java:49)
	... 6 more
]]></failure>
  </testcase>
  <testcase name="testTransactionsOneInvalid" classname="LegacyChain.BlockchainTest" time="0.013"/>
  <testcase name="testProofOfWork" classname="LegacyChain.BlockchainTest" time="0.007"/>
  <testcase name="testValidChainWithBalances" classname="LegacyChain.BlockchainTest" time="0.007">
    <error message="Invalid transaction in block." type="java.lang.IllegalArgumentException"><![CDATA[java.lang.IllegalArgumentException: Invalid transaction in block.
	at LegacyChain.Blockchain.addBlock(Blockchain.java:58)
	at LegacyChain.BlockchainTest.testValidChainWithBalances(BlockchainTest.java:345)
	at java.base/java.lang.reflect.Method.invoke(Method.java:565)
	at java.base/java.util.ArrayList.forEach(ArrayList.java:1604)
	at java.base/java.util.ArrayList.forEach(ArrayList.java:1604)
]]></error>
  </testcase>
  <testcase name="testSkippedNonceRejected" classname="LegacyChain.BlockchainTest" time="0.01"/>
  <testcase name="testZeroBalanceCannotSpend" classname="LegacyChain.BlockchainTest" time="0.007"/>
  <testcase name="testRewardHeightMatchesBlockHeight" classname="LegacyChain.BlockchainTest" time="0.004"/>
  <testcase name="testInvalidTransaction" classname="LegacyChain.BlockchainTest" time="0.011"/>
  <testcase name="testWalletDoesNotAppearInAnyTransactions" classname="LegacyChain.BlockchainTest" time="0.005"/>
  <testcase name="testAddBlockIncreaseSize" classname="LegacyChain.BlockchainTest" time="0.007"/>
  <testcase name="testTwoMinedBlocks" classname="LegacyChain.BlockchainTest" time="0.003"/>
  <testcase name="testLinkedBlocksHashes" classname="LegacyChain.BlockchainTest" time="0.006"/>
  <testcase name="testBlockchainSize" classname="LegacyChain.BlockchainTest" time="0.002"/>
  <testcase name="testGenesisPrevHash" classname="LegacyChain.BlockchainTest" time="0.001"/>
  <testcase name="testRejectedOverspendingBlockDoesNotChangeChainSize" classname="LegacyChain.BlockchainTest" time="0.007"/>
  <testcase name="testAcceptedBlock" classname="LegacyChain.BlockchainTest" time="0.002"/>
  <testcase name="testMinerCanSpendRewardInNextBlock" classname="LegacyChain.BlockchainTest" time="0.005">
    <failure message="Unexpected exception thrown: java.lang.IllegalArgumentException: Invalid transaction in block." type="org.opentest4j.AssertionFailedError"><![CDATA[org.opentest4j.AssertionFailedError: Unexpected exception thrown: java.lang.IllegalArgumentException: Invalid transaction in block.
	at org.junit.jupiter.api.AssertionFailureBuilder.build(AssertionFailureBuilder.java:152)
	at org.junit.jupiter.api.AssertDoesNotThrow.createAssertionFailedError(AssertDoesNotThrow.java:84)
	at org.junit.jupiter.api.AssertDoesNotThrow.assertDoesNotThrow(AssertDoesNotThrow.java:53)
	at org.junit.jupiter.api.AssertDoesNotThrow.assertDoesNotThrow(AssertDoesNotThrow.java:36)
	at org.junit.jupiter.api.Assertions.assertDoesNotThrow(Assertions.java:3199)
	at LegacyChain.BlockchainTest.testMinerCanSpendRewardInNextBlock(BlockchainTest.java:234)
	at java.base/java.lang.reflect.Method.invoke(Method.java:565)
	at java.base/java.util.ArrayList.forEach(ArrayList.java:1604)
	at java.base/java.util.ArrayList.forEach(ArrayList.java:1604)
Caused by: java.lang.IllegalArgumentException: Invalid transaction in block.
	at LegacyChain.Blockchain.addBlock(Blockchain.java:58)
	at LegacyChain.BlockchainTest.lambda$testMinerCanSpendRewardInNextBlock$0(BlockchainTest.java:235)
	at org.junit.jupiter.api.AssertDoesNotThrow.assertDoesNotThrow(AssertDoesNotThrow.java:49)
	... 6 more
]]></failure>
  </testcase>
  <testcase name="testDuplicateNonceInSameBlockRejected" classname="LegacyChain.BlockchainTest" time="0.007"/>
  <testcase name="testRandomWalletBalance" classname="LegacyChain.BlockchainTest" time="0.003"/>
  <testcase name="testInvalidDifficulty" classname="LegacyChain.BlockchainTest" time="0.002"/>
  <testcase name="testBlockHeightsIncreasedSequentially" classname="LegacyChain.BlockchainTest" time="0.004"/>
  <testcase name="testInvalidOwner" classname="LegacyChain.BlockchainTest" time="0.003"/>
  <testcase name="testBlockchainValidityWithProperHeights" classname="LegacyChain.BlockchainTest" time="0.008">
    <failure message="expected: &lt;true&gt; but was: &lt;false&gt;" type="org.opentest4j.AssertionFailedError"><![CDATA[org.opentest4j.AssertionFailedError: expected: <true> but was: <false>
	at org.junit.jupiter.api.AssertionFailureBuilder.build(AssertionFailureBuilder.java:151)
	at org.junit.jupiter.api.AssertionFailureBuilder.buildAndThrow(AssertionFailureBuilder.java:132)
	at org.junit.jupiter.api.AssertTrue.failNotTrue(AssertTrue.java:63)
	at org.junit.jupiter.api.AssertTrue.assertTrue(AssertTrue.java:36)
	at org.junit.jupiter.api.AssertTrue.assertTrue(AssertTrue.java:31)
	at org.junit.jupiter.api.Assertions.assertTrue(Assertions.java:183)
	at LegacyChain.BlockchainTest.testBlockchainValidityWithProperHeights(BlockchainTest.java:458)
	at java.base/java.lang.reflect.Method.invoke(Method.java:565)
	at java.base/java.util.ArrayList.forEach(ArrayList.java:1604)
	at java.base/java.util.ArrayList.forEach(ArrayList.java:1604)
]]></failure>
  </testcase>
  <testcase name="testOneMinedBlock" classname="LegacyChain.BlockchainTest" time="0.006"/>
  <testcase name="testMultipleBlocksChainIsValid" classname="LegacyChain.BlockchainTest" time="0.006">
    <failure message="expected: &lt;true&gt; but was: &lt;false&gt;" type="org.opentest4j.AssertionFailedError"><![CDATA[org.opentest4j.AssertionFailedError: expected: <true> but was: <false>
	at org.junit.jupiter.api.AssertionFailureBuilder.build(AssertionFailureBuilder.java:151)
	at org.junit.jupiter.api.AssertionFailureBuilder.buildAndThrow(AssertionFailureBuilder.java:132)
	at org.junit.jupiter.api.AssertTrue.failNotTrue(AssertTrue.java:63)
	at org.junit.jupiter.api.AssertTrue.assertTrue(AssertTrue.java:36)
	at org.junit.jupiter.api.AssertTrue.assertTrue(AssertTrue.java:31)
	at org.junit.jupiter.api.Assertions.assertTrue(Assertions.java:183)
	at LegacyChain.BlockchainTest.testMultipleBlocksChainIsValid(BlockchainTest.java:100)
	at java.base/java.lang.reflect.Method.invoke(Method.java:565)
	at java.base/java.util.ArrayList.forEach(ArrayList.java:1604)
	at java.base/java.util.ArrayList.forEach(ArrayList.java:1604)
]]></failure>
  </testcase>
  <testcase name="testFirstTransactionNonceAccepted" classname="LegacyChain.BlockchainTest" time="0.004">
    <failure message="Unexpected exception thrown: java.lang.IllegalArgumentException: Invalid transaction in block." type="org.opentest4j.AssertionFailedError"><![CDATA[org.opentest4j.AssertionFailedError: Unexpected exception thrown: java.lang.IllegalArgumentException: Invalid transaction in block.
	at org.junit.jupiter.api.AssertionFailureBuilder.build(AssertionFailureBuilder.java:152)
	at org.junit.jupiter.api.AssertDoesNotThrow.createAssertionFailedError(AssertDoesNotThrow.java:84)
	at org.junit.jupiter.api.AssertDoesNotThrow.assertDoesNotThrow(AssertDoesNotThrow.java:53)
	at org.junit.jupiter.api.AssertDoesNotThrow.assertDoesNotThrow(AssertDoesNotThrow.java:36)
	at org.junit.jupiter.api.Assertions.assertDoesNotThrow(Assertions.java:3199)
	at LegacyChain.BlockchainTest.testFirstTransactionNonceAccepted(BlockchainTest.java:362)
	at java.base/java.lang.reflect.Method.invoke(Method.java:565)
	at java.base/java.util.ArrayList.forEach(ArrayList.java:1604)
	at java.base/java.util.ArrayList.forEach(ArrayList.java:1604)
Caused by: java.lang.IllegalArgumentException: Invalid transaction in block.
	at LegacyChain.Blockchain.addBlock(Blockchain.java:58)
	at LegacyChain.BlockchainTest.lambda$testFirstTransactionNonceAccepted$0(BlockchainTest.java:363)
	at org.junit.jupiter.api.AssertDoesNotThrow.assertDoesNotThrow(AssertDoesNotThrow.java:49)
	... 6 more
]]></failure>
  </testcase>
  <testcase name="testValidWallet" classname="LegacyChain.BlockchainTest" time="0.002"/>
  <testcase name="testRejectsInsufficientBalance" classname="LegacyChain.BlockchainTest" time="0.004"/>
  <testcase name="testBlockTransactionListImmutability" classname="LegacyChain.BlockchainTest" time="0.006"/>
</testsuite>